<?xml version="1.0" encoding="UTF-8"?>
<testng-results skipped="0" failed="0" total="1" passed="1">
  <reporter-output>
  </reporter-output>
  <suite name="Default suite" duration-ms="48258" started-at="2017-04-11T05:43:00Z" finished-at="2017-04-11T05:43:48Z">
    <groups>
    </groups>
    <test name="Default test" duration-ms="48258" started-at="2017-04-11T05:43:00Z" finished-at="2017-04-11T05:43:48Z">
      <class name="com.pom.android.EcommercApp.test.TestHelpAndContact_InHomeMenu">
        <test-method status="PASS" signature="helpAndContactButtonTest()[pri:0, instance:com.pom.android.EcommercApp.test.TestHelpAndContact_InHomeMenu@5891e32e]" name="helpAndContactButtonTest" duration-ms="45489" started-at="2017-04-10T22:43:00Z" finished-at="2017-04-10T22:43:46Z">
          <reporter-output>
          </reporter-output>
        </test-method> <!-- helpAndContactButtonTest -->
        <test-method status="PASS" signature="quiting()[pri:0, instance:com.pom.android.EcommercApp.test.TestHelpAndContact_InHomeMenu@5891e32e]" name="quiting" is-config="true" duration-ms="2710" started-at="2017-04-10T22:43:46Z" finished-at="2017-04-10T22:43:48Z">
          <reporter-output>
          </reporter-output>
        </test-method> <!-- quiting -->
      </class> <!-- com.pom.android.EcommercApp.test.TestHelpAndContact_InHomeMenu -->
    </test> <!-- Default test -->
  </suite> <!-- Default suite -->
</testng-results>
